<?xml version="1.0" encoding="UTF-8"?>
<coverage generated="1741311667365" clover="3.2.0">
  <project timestamp="1741311667365" name="All files">
    <metrics statements="61" coveredstatements="50" conditionals="43" coveredconditionals="24" methods="8" coveredmethods="6" elements="112" coveredelements="80" complexity="0" loc="61" ncloc="61" packages="2" files="3" classes="3"/>
    <package name="src">
      <metrics statements="29" coveredstatements="20" conditionals="18" coveredconditionals="10" methods="5" coveredmethods="3"/>
      <file name="index.js" path="/Users/salman/Desktop/workspace/express-js-bug-blaster/src/index.js">
        <metrics statements="29" coveredstatements="20" conditionals="18" coveredconditionals="10" methods="5" coveredmethods="3"/>
        <line num="1" count="1" type="stmt"/>
        <line num="2" count="1" type="stmt"/>
        <line num="3" count="1" type="stmt"/>
        <line num="4" count="1" type="stmt"/>
        <line num="12" count="6" type="stmt"/>
        <line num="14" count="6" type="cond" truecount="1" falsecount="1"/>
        <line num="15" count="6" type="cond" truecount="1" falsecount="1"/>
        <line num="18" count="6" type="stmt"/>
        <line num="19" count="6" type="cond" truecount="1" falsecount="1"/>
        <line num="22" count="6" type="stmt"/>
        <line num="25" count="6" type="stmt"/>
        <line num="27" count="6" type="stmt"/>
        <line num="35" count="6" type="stmt"/>
        <line num="37" count="6" type="cond" truecount="2" falsecount="0"/>
        <line num="48" count="6" type="cond" truecount="1" falsecount="1"/>
        <line num="49" count="6" type="cond" truecount="2" falsecount="0"/>
        <line num="50" count="1" type="stmt"/>
        <line num="52" count="5" type="stmt"/>
        <line num="60" count="0" type="stmt"/>
        <line num="61" count="0" type="cond" truecount="0" falsecount="2"/>
        <line num="62" count="0" type="stmt"/>
        <line num="69" count="1" type="stmt"/>
        <line num="70" count="0" type="stmt"/>
        <line num="71" count="0" type="stmt"/>
        <line num="72" count="0" type="stmt"/>
        <line num="73" count="0" type="stmt"/>
        <line num="74" count="0" type="stmt"/>
        <line num="75" count="0" type="stmt"/>
        <line num="78" count="1" type="stmt"/>
      </file>
    </package>
    <package name="src.lib">
      <metrics statements="32" coveredstatements="30" conditionals="25" coveredconditionals="14" methods="3" coveredmethods="3"/>
      <file name="errorAnalyzer.js" path="/Users/salman/Desktop/workspace/express-js-bug-blaster/src/lib/errorAnalyzer.js">
        <metrics statements="23" coveredstatements="22" conditionals="23" coveredconditionals="13" methods="2" coveredmethods="2"/>
        <line num="1" count="1" type="stmt"/>
        <line num="5" count="6" type="cond" truecount="1" falsecount="1"/>
        <line num="8" count="6" type="cond" truecount="1" falsecount="1"/>
        <line num="9" count="6" type="cond" truecount="1" falsecount="1"/>
        <line num="14" count="6" type="stmt"/>
        <line num="15" count="6" type="cond" truecount="1" falsecount="1"/>
        <line num="16" count="6" type="stmt"/>
        <line num="17" count="6" type="cond" truecount="1" falsecount="1"/>
        <line num="18" count="6" type="stmt"/>
        <line num="19" count="6" type="cond" truecount="1" falsecount="1"/>
        <line num="20" count="6" type="stmt"/>
        <line num="23" count="0" type="stmt"/>
        <line num="28" count="6" type="stmt"/>
        <line num="36" count="6" type="stmt"/>
        <line num="37" count="6" type="stmt"/>
        <line num="38" count="6" type="cond" truecount="1" falsecount="1"/>
        <line num="39" count="6" type="stmt"/>
        <line num="41" count="6" type="cond" truecount="1" falsecount="1"/>
        <line num="42" count="157" type="stmt"/>
        <line num="46" count="6" type="cond" truecount="3" falsecount="1"/>
        <line num="47" count="6" type="stmt"/>
        <line num="50" count="6" type="stmt"/>
        <line num="53" count="1" type="stmt"/>
      </file>
      <file name="logger.js" path="/Users/salman/Desktop/workspace/express-js-bug-blaster/src/lib/logger.js">
        <metrics statements="9" coveredstatements="8" conditionals="2" coveredconditionals="1" methods="1" coveredmethods="1"/>
        <line num="1" count="1" type="stmt"/>
        <line num="2" count="1" type="stmt"/>
        <line num="5" count="5" type="stmt"/>
        <line num="7" count="5" type="cond" truecount="1" falsecount="1"/>
        <line num="8" count="0" type="stmt"/>
        <line num="11" count="5" type="stmt"/>
        <line num="12" count="5" type="stmt"/>
        <line num="13" count="5" type="stmt"/>
        <line num="16" count="1" type="stmt"/>
      </file>
    </package>
  </project>
</coverage>
