{"/Users/salman/Desktop/workspace/express-js-bug-blaster/src/index.js": {"path":"/Users/salman/Desktop/workspace/express-js-bug-blaster/src/index.js","statementMap":{"0":{"start":{"line":1,"column":19},"end":{"line":1,"column":41}},"1":{"start":{"line":2,"column":14},"end":{"line":2,"column":30}},"2":{"start":{"line":3,"column":25},"end":{"line":3,"column":55}},"3":{"start":{"line":4,"column":21},"end":{"line":4,"column":44}},"4":{"start":{"line":12,"column":8},"end":{"line":12,"column":15}},"5":{"start":{"line":14,"column":4},"end":{"line":14,"column":33}},"6":{"start":{"line":15,"column":4},"end":{"line":15,"column":87}},"7":{"start":{"line":18,"column":4},"end":{"line":65,"column":6}},"8":{"start":{"line":19,"column":8},"end":{"line":19,"column":32}},"9":{"start":{"line":19,"column":18},"end":{"line":19,"column":32}},"10":{"start":{"line":22,"column":8},"end":{"line":22,"column":77}},"11":{"start":{"line":25,"column":8},"end":{"line":64,"column":15}},"12":{"start":{"line":27,"column":34},"end":{"line":34,"column":9}},"13":{"start":{"line":35,"column":16},"end":{"line":35,"column":39}},"14":{"start":{"line":37,"column":16},"end":{"line":45,"column":35}},"15":{"start":{"line":37,"column":31},"end":{"line":45,"column":35}},"16":{"start":{"line":48,"column":16},"end":{"line":57,"column":17}},"17":{"start":{"line":49,"column":20},"end":{"line":56,"column":21}},"18":{"start":{"line":50,"column":24},"end":{"line":50,"column":47}},"19":{"start":{"line":52,"column":24},"end":{"line":55,"column":27}},"20":{"start":{"line":60,"column":16},"end":{"line":60,"column":102}},"21":{"start":{"line":61,"column":16},"end":{"line":63,"column":17}},"22":{"start":{"line":62,"column":20},"end":{"line":62,"column":69}},"23":{"start":{"line":69,"column":0},"end":{"line":76,"column":3}},"24":{"start":{"line":70,"column":18},"end":{"line":70,"column":39}},"25":{"start":{"line":71,"column":24},"end":{"line":71,"column":54}},"26":{"start":{"line":72,"column":4},"end":{"line":72,"column":78}},"27":{"start":{"line":73,"column":4},"end":{"line":73,"column":64}},"28":{"start":{"line":74,"column":4},"end":{"line":74,"column":58}},"29":{"start":{"line":75,"column":4},"end":{"line":75,"column":56}},"30":{"start":{"line":78,"column":0},"end":{"line":78,"column":28}}},"fnMap":{"0":{"name":"bugBlaster","decl":{"start":{"line":6,"column":9},"end":{"line":6,"column":19}},"loc":{"start":{"line":6,"column":34},"end":{"line":66,"column":1}},"line":6},"1":{"name":"(anonymous_1)","decl":{"start":{"line":18,"column":11},"end":{"line":18,"column":12}},"loc":{"start":{"line":18,"column":42},"end":{"line":65,"column":5}},"line":18},"2":{"name":"(anonymous_2)","decl":{"start":{"line":26,"column":18},"end":{"line":26,"column":19}},"loc":{"start":{"line":26,"column":35},"end":{"line":58,"column":13}},"line":26},"3":{"name":"(anonymous_3)","decl":{"start":{"line":59,"column":19},"end":{"line":59,"column":20}},"loc":{"start":{"line":59,"column":35},"end":{"line":64,"column":13}},"line":59},"4":{"name":"(anonymous_4)","decl":{"start":{"line":69,"column":32},"end":{"line":69,"column":33}},"loc":{"start":{"line":69,"column":47},"end":{"line":76,"column":1}},"line":69}},"branchMap":{"0":{"loc":{"start":{"line":6,"column":20},"end":{"line":6,"column":32}},"type":"default-arg","locations":[{"start":{"line":6,"column":30},"end":{"line":6,"column":32}}],"line":6},"1":{"loc":{"start":{"line":9,"column":8},"end":{"line":9,"column":62}},"type":"default-arg","locations":[{"start":{"line":9,"column":22},"end":{"line":9,"column":62}}],"line":9},"2":{"loc":{"start":{"line":14,"column":16},"end":{"line":14,"column":33}},"type":"binary-expr","locations":[{"start":{"line":14,"column":16},"end":{"line":14,"column":25}},{"start":{"line":14,"column":29},"end":{"line":14,"column":33}}],"line":14},"3":{"loc":{"start":{"line":15,"column":22},"end":{"line":15,"column":87}},"type":"binary-expr","locations":[{"start":{"line":15,"column":22},"end":{"line":15,"column":37}},{"start":{"line":15,"column":41},"end":{"line":15,"column":87}}],"line":15},"4":{"loc":{"start":{"line":19,"column":8},"end":{"line":19,"column":32}},"type":"if","locations":[{"start":{"line":19,"column":8},"end":{"line":19,"column":32}},{"start":{},"end":{}}],"line":19},"5":{"loc":{"start":{"line":37,"column":16},"end":{"line":45,"column":35}},"type":"if","locations":[{"start":{"line":37,"column":16},"end":{"line":45,"column":35}},{"start":{},"end":{}}],"line":37},"6":{"loc":{"start":{"line":48,"column":16},"end":{"line":57,"column":17}},"type":"if","locations":[{"start":{"line":48,"column":16},"end":{"line":57,"column":17}},{"start":{},"end":{}}],"line":48},"7":{"loc":{"start":{"line":49,"column":20},"end":{"line":56,"column":21}},"type":"if","locations":[{"start":{"line":49,"column":20},"end":{"line":56,"column":21}},{"start":{"line":51,"column":27},"end":{"line":56,"column":21}}],"line":49},"8":{"loc":{"start":{"line":54,"column":37},"end":{"line":54,"column":101}},"type":"cond-expr","locations":[{"start":{"line":54,"column":78},"end":{"line":54,"column":89}},{"start":{"line":54,"column":92},"end":{"line":54,"column":101}}],"line":54},"9":{"loc":{"start":{"line":61,"column":16},"end":{"line":63,"column":17}},"type":"if","locations":[{"start":{"line":61,"column":16},"end":{"line":63,"column":17}},{"start":{},"end":{}}],"line":61}},"s":{"0":1,"1":1,"2":1,"3":1,"4":6,"5":6,"6":6,"7":6,"8":6,"9":0,"10":6,"11":6,"12":6,"13":6,"14":6,"15":5,"16":6,"17":6,"18":1,"19":5,"20":0,"21":0,"22":0,"23":1,"24":0,"25":0,"26":0,"27":0,"28":0,"29":0,"30":1},"f":{"0":6,"1":6,"2":6,"3":0,"4":0},"b":{"0":[0],"1":[0],"2":[6,0],"3":[6,0],"4":[0,6],"5":[5,1],"6":[6,0],"7":[1,5],"8":[4,1],"9":[0,0]},"_coverageSchema":"1a1c01bbd47fc00a2c39e90264f33305004495a9","hash":"40df45f6a4980d4f0adffbd850982a1faf6805bc"}
,"/Users/salman/Desktop/workspace/express-js-bug-blaster/src/lib/errorAnalyzer.js": {"path":"/Users/salman/Desktop/workspace/express-js-bug-blaster/src/lib/errorAnalyzer.js","statementMap":{"0":{"start":{"line":1,"column":11},"end":{"line":1,"column":24}},"1":{"start":{"line":5,"column":20},"end":{"line":5,"column":52}},"2":{"start":{"line":8,"column":18},"end":{"line":8,"column":37}},"3":{"start":{"line":9,"column":19},"end":{"line":11,"column":28}},"4":{"start":{"line":14,"column":19},"end":{"line":14,"column":21}},"5":{"start":{"line":15,"column":4},"end":{"line":25,"column":5}},"6":{"start":{"line":16,"column":8},"end":{"line":24,"column":9}},"7":{"start":{"line":17,"column":12},"end":{"line":21,"column":13}},"8":{"start":{"line":18,"column":36},"end":{"line":18,"column":92}},"9":{"start":{"line":19,"column":16},"end":{"line":19,"column":98}},"10":{"start":{"line":20,"column":16},"end":{"line":20,"column":53}},"11":{"start":{"line":23,"column":12},"end":{"line":23,"column":72}},"12":{"start":{"line":28,"column":22},"end":{"line":33,"column":5}},"13":{"start":{"line":36,"column":4},"end":{"line":36,"column":72}},"14":{"start":{"line":37,"column":4},"end":{"line":37,"column":115}},"15":{"start":{"line":38,"column":4},"end":{"line":40,"column":5}},"16":{"start":{"line":39,"column":8},"end":{"line":39,"column":73}},"17":{"start":{"line":41,"column":4},"end":{"line":43,"column":5}},"18":{"start":{"line":42,"column":8},"end":{"line":42,"column":111}},"19":{"start":{"line":42,"column":53},"end":{"line":42,"column":94}},"20":{"start":{"line":46,"column":4},"end":{"line":48,"column":5}},"21":{"start":{"line":47,"column":8},"end":{"line":47,"column":63}},"22":{"start":{"line":50,"column":4},"end":{"line":50,"column":23}},"23":{"start":{"line":53,"column":0},"end":{"line":53,"column":34}}},"fnMap":{"0":{"name":"analyzeError","decl":{"start":{"line":3,"column":15},"end":{"line":3,"column":27}},"loc":{"start":{"line":3,"column":57},"end":{"line":51,"column":1}},"line":3},"1":{"name":"(anonymous_1)","decl":{"start":{"line":42,"column":48},"end":{"line":42,"column":49}},"loc":{"start":{"line":42,"column":53},"end":{"line":42,"column":94}},"line":42}},"branchMap":{"0":{"loc":{"start":{"line":3,"column":47},"end":{"line":3,"column":55}},"type":"default-arg","locations":[{"start":{"line":3,"column":53},"end":{"line":3,"column":55}}],"line":3},"1":{"loc":{"start":{"line":5,"column":20},"end":{"line":5,"column":52}},"type":"binary-expr","locations":[{"start":{"line":5,"column":20},"end":{"line":5,"column":33}},{"start":{"line":5,"column":37},"end":{"line":5,"column":52}}],"line":5},"2":{"loc":{"start":{"line":8,"column":18},"end":{"line":8,"column":37}},"type":"binary-expr","locations":[{"start":{"line":8,"column":18},"end":{"line":8,"column":31}},{"start":{"line":8,"column":35},"end":{"line":8,"column":37}}],"line":8},"3":{"loc":{"start":{"line":9,"column":19},"end":{"line":11,"column":28}},"type":"cond-expr","locations":[{"start":{"line":10,"column":10},"end":{"line":10,"column":106}},{"start":{"line":11,"column":10},"end":{"line":11,"column":28}}],"line":9},"4":{"loc":{"start":{"line":10,"column":65},"end":{"line":10,"column":103}},"type":"binary-expr","locations":[{"start":{"line":10,"column":65},"end":{"line":10,"column":88}},{"start":{"line":10,"column":92},"end":{"line":10,"column":103}}],"line":10},"5":{"loc":{"start":{"line":15,"column":4},"end":{"line":25,"column":5}},"type":"if","locations":[{"start":{"line":15,"column":4},"end":{"line":25,"column":5}},{"start":{},"end":{}}],"line":15},"6":{"loc":{"start":{"line":17,"column":12},"end":{"line":21,"column":13}},"type":"if","locations":[{"start":{"line":17,"column":12},"end":{"line":21,"column":13}},{"start":{},"end":{}}],"line":17},"7":{"loc":{"start":{"line":19,"column":27},"end":{"line":19,"column":97}},"type":"binary-expr","locations":[{"start":{"line":19,"column":27},"end":{"line":19,"column":73}},{"start":{"line":19,"column":77},"end":{"line":19,"column":97}}],"line":19},"8":{"loc":{"start":{"line":38,"column":4},"end":{"line":40,"column":5}},"type":"if","locations":[{"start":{"line":38,"column":4},"end":{"line":40,"column":5}},{"start":{},"end":{}}],"line":38},"9":{"loc":{"start":{"line":41,"column":4},"end":{"line":43,"column":5}},"type":"if","locations":[{"start":{"line":41,"column":4},"end":{"line":43,"column":5}},{"start":{},"end":{}}],"line":41},"10":{"loc":{"start":{"line":46,"column":4},"end":{"line":48,"column":5}},"type":"if","locations":[{"start":{"line":46,"column":4},"end":{"line":48,"column":5}},{"start":{},"end":{}}],"line":46},"11":{"loc":{"start":{"line":46,"column":8},"end":{"line":46,"column":30}},"type":"binary-expr","locations":[{"start":{"line":46,"column":8},"end":{"line":46,"column":18}},{"start":{"line":46,"column":22},"end":{"line":46,"column":30}}],"line":46}},"s":{"0":1,"1":6,"2":6,"3":6,"4":6,"5":6,"6":6,"7":6,"8":6,"9":6,"10":6,"11":0,"12":6,"13":6,"14":6,"15":6,"16":6,"17":6,"18":6,"19":157,"20":6,"21":6,"22":6,"23":1},"f":{"0":6,"1":157},"b":{"0":[0],"1":[6,0],"2":[6,0],"3":[6,0],"4":[6,5],"5":[6,0],"6":[6,0],"7":[6,0],"8":[6,0],"9":[6,0],"10":[6,0],"11":[6,6]},"_coverageSchema":"1a1c01bbd47fc00a2c39e90264f33305004495a9","hash":"cbb32fac92e74dd0a8403faaa9a5d72738add46c"}
,"/Users/salman/Desktop/workspace/express-js-bug-blaster/src/lib/logger.js": {"path":"/Users/salman/Desktop/workspace/express-js-bug-blaster/src/lib/logger.js","statementMap":{"0":{"start":{"line":1,"column":11},"end":{"line":1,"column":24}},"1":{"start":{"line":2,"column":14},"end":{"line":2,"column":30}},"2":{"start":{"line":5,"column":15},"end":{"line":5,"column":17}},"3":{"start":{"line":7,"column":4},"end":{"line":9,"column":5}},"4":{"start":{"line":8,"column":8},"end":{"line":8,"column":64}},"5":{"start":{"line":11,"column":4},"end":{"line":11,"column":25}},"6":{"start":{"line":12,"column":4},"end":{"line":12,"column":73}},"7":{"start":{"line":13,"column":4},"end":{"line":13,"column":75}},"8":{"start":{"line":16,"column":0},"end":{"line":16,"column":30}}},"fnMap":{"0":{"name":"logError","decl":{"start":{"line":4,"column":9},"end":{"line":4,"column":17}},"loc":{"start":{"line":4,"column":42},"end":{"line":14,"column":1}},"line":4}},"branchMap":{"0":{"loc":{"start":{"line":7,"column":4},"end":{"line":9,"column":5}},"type":"if","locations":[{"start":{"line":7,"column":4},"end":{"line":9,"column":5}},{"start":{},"end":{}}],"line":7}},"s":{"0":1,"1":1,"2":5,"3":5,"4":0,"5":5,"6":5,"7":5,"8":1},"f":{"0":5},"b":{"0":[0,5]},"_coverageSchema":"1a1c01bbd47fc00a2c39e90264f33305004495a9","hash":"fdfcfc19a4e957feddfc0d4e9884d61bb5752c60"}
}
