TN:
SF:src/index.js
FN:6,bugBlaster
FN:18,(anonymous_1)
FN:26,(anonymous_2)
FN:59,(anonymous_3)
FN:69,(anonymous_4)
FNF:5
FNH:3
FNDA:6,bugBlaster
FNDA:6,(anonymous_1)
FNDA:6,(anonymous_2)
FNDA:0,(anonymous_3)
FNDA:0,(anonymous_4)
DA:1,1
DA:2,1
DA:3,1
DA:4,1
DA:12,6
DA:14,6
DA:15,6
DA:18,6
DA:19,6
DA:22,6
DA:25,6
DA:27,6
DA:35,6
DA:37,6
DA:48,6
DA:49,6
DA:50,1
DA:52,5
DA:60,0
DA:61,0
DA:62,0
DA:69,1
DA:70,0
DA:71,0
DA:72,0
DA:73,0
DA:74,0
DA:75,0
DA:78,1
LF:29
LH:20
BRDA:6,0,0,0
BRDA:9,1,0,0
BRDA:14,2,0,6
BRDA:14,2,1,0
BRDA:15,3,0,6
BRDA:15,3,1,0
BRDA:19,4,0,0
BRDA:19,4,1,6
BRDA:37,5,0,5
BRDA:37,5,1,1
BRDA:48,6,0,6
BRDA:48,6,1,0
BRDA:49,7,0,1
BRDA:49,7,1,5
BRDA:54,8,0,4
BRDA:54,8,1,1
BRDA:61,9,0,0
BRDA:61,9,1,0
BRF:18
BRH:10
end_of_record
TN:
SF:src/lib/errorAnalyzer.js
FN:3,analyzeError
FN:42,(anonymous_1)
FNF:2
FNH:2
FNDA:6,analyzeError
FNDA:157,(anonymous_1)
DA:1,1
DA:5,6
DA:8,6
DA:9,6
DA:14,6
DA:15,6
DA:16,6
DA:17,6
DA:18,6
DA:19,6
DA:20,6
DA:23,0
DA:28,6
DA:36,6
DA:37,6
DA:38,6
DA:39,6
DA:41,6
DA:42,157
DA:46,6
DA:47,6
DA:50,6
DA:53,1
LF:23
LH:22
BRDA:3,0,0,0
BRDA:5,1,0,6
BRDA:5,1,1,0
BRDA:8,2,0,6
BRDA:8,2,1,0
BRDA:9,3,0,6
BRDA:9,3,1,0
BRDA:10,4,0,6
BRDA:10,4,1,5
BRDA:15,5,0,6
BRDA:15,5,1,0
BRDA:17,6,0,6
BRDA:17,6,1,0
BRDA:19,7,0,6
BRDA:19,7,1,0
BRDA:38,8,0,6
BRDA:38,8,1,0
BRDA:41,9,0,6
BRDA:41,9,1,0
BRDA:46,10,0,6
BRDA:46,10,1,0
BRDA:46,11,0,6
BRDA:46,11,1,6
BRF:23
BRH:13
end_of_record
TN:
SF:src/lib/logger.js
FN:4,logError
FNF:1
FNH:1
FNDA:5,logError
DA:1,1
DA:2,1
DA:5,5
DA:7,5
DA:8,0
DA:11,5
DA:12,5
DA:13,5
DA:16,1
LF:9
LH:8
BRDA:7,0,0,0
BRDA:7,0,1,5
BRF:2
BRH:1
end_of_record
