TN:
SF:src/index.js
FN:6,bugBlaster
FN:18,(anonymous_1)
FN:26,(anonymous_2)
FN:59,(anonymous_3)
FN:69,(anonymous_4)
FNF:5
FNH:1
FNDA:2,bugBlaster
FNDA:0,(anonymous_1)
FNDA:0,(anonymous_2)
FNDA:0,(anonymous_3)
FNDA:0,(anonymous_4)
DA:1,1
DA:2,1
DA:3,1
DA:4,1
DA:12,2
DA:14,2
DA:15,2
DA:18,2
DA:19,0
DA:22,0
DA:25,0
DA:27,0
DA:35,0
DA:37,0
DA:48,0
DA:49,0
DA:50,0
DA:52,0
DA:60,0
DA:61,0
DA:62,0
DA:69,1
DA:70,0
DA:71,0
DA:72,0
DA:73,0
DA:74,0
DA:75,0
DA:78,1
LF:29
LH:10
BRDA:6,0,0,2
BRDA:9,1,0,2
BRDA:14,2,0,2
BRDA:14,2,1,2
BRDA:15,3,0,2
BRDA:15,3,1,2
BRDA:19,4,0,0
BRDA:19,4,1,0
BRDA:37,5,0,0
BRDA:37,5,1,0
BRDA:48,6,0,0
BRDA:48,6,1,0
BRDA:49,7,0,0
BRDA:49,7,1,0
BRDA:54,8,0,0
BRDA:54,8,1,0
BRDA:61,9,0,0
BRDA:61,9,1,0
BRF:18
BRH:6
end_of_record
TN:
SF:src/lib/errorAnalyzer.js
FN:3,analyzeError
FN:42,(anonymous_1)
FNF:2
FNH:0
FNDA:0,analyzeError
FNDA:0,(anonymous_1)
DA:1,1
DA:5,0
DA:8,0
DA:9,0
DA:14,0
DA:15,0
DA:16,0
DA:17,0
DA:18,0
DA:19,0
DA:20,0
DA:23,0
DA:28,0
DA:36,0
DA:37,0
DA:38,0
DA:39,0
DA:41,0
DA:42,0
DA:46,0
DA:47,0
DA:50,0
DA:53,1
LF:23
LH:2
BRDA:3,0,0,0
BRDA:5,1,0,0
BRDA:5,1,1,0
BRDA:8,2,0,0
BRDA:8,2,1,0
BRDA:9,3,0,0
BRDA:9,3,1,0
BRDA:10,4,0,0
BRDA:10,4,1,0
BRDA:15,5,0,0
BRDA:15,5,1,0
BRDA:17,6,0,0
BRDA:17,6,1,0
BRDA:19,7,0,0
BRDA:19,7,1,0
BRDA:38,8,0,0
BRDA:38,8,1,0
BRDA:41,9,0,0
BRDA:41,9,1,0
BRDA:46,10,0,0
BRDA:46,10,1,0
BRDA:46,11,0,0
BRDA:46,11,1,0
BRF:23
BRH:0
end_of_record
TN:
SF:src/lib/logger.js
FN:4,logError
FNF:1
FNH:0
FNDA:0,logError
DA:1,1
DA:2,1
DA:5,0
DA:7,0
DA:8,0
DA:11,0
DA:12,0
DA:13,0
DA:16,1
LF:9
LH:3
BRDA:7,0,0,0
BRDA:7,0,1,0
BRF:2
BRH:0
end_of_record
